<?xml version="1.0" encoding="UTF-8"?>
<!-- Generated by org.testng.reporters.JUnitReportReporter -->
<testsuite hostname="DESKTOP-DJ4FDME" failures="0" tests="6" name="demoTestNG.FirstScenario" time="0.043" errors="0" timestamp="2025-05-28T20:47:30 IST" skipped="0">
  <testcase classname="demoTestNG.FirstScenario" name="sixth_testcase" time="0.025"/>
  <testcase classname="demoTestNG.FirstScenario" name="fifth_testcase" time="0.003"/>
  <testcase classname="demoTestNG.FirstScenario" name="third_testcase" time="0.002"/>
  <testcase classname="demoTestNG.FirstScenario" name="forth_testcase" time="0.003"/>
  <testcase classname="demoTestNG.FirstScenario" name="first_testcase" time="0.006"/>
  <testcase classname="demoTestNG.FirstScenario" name="second_testcase" time="0.004"/>
</testsuite> <!-- demoTestNG.FirstScenario -->
