<?xml version="1.0" encoding="UTF-8"?>
<!-- Generated by org.testng.reporters.JUnitReportReporter -->
<testsuite hostname="DESKTOP-DJ4FDME" failures="0" tests="1" name="org.xyz.automation.proj.TheTestingWorld" time="7.373" errors="0" timestamp="2025-05-20T21:01:25 IST" skipped="0">
  <testcase classname="org.xyz.automation.proj.TheTestingWorld" name="calendarfun" time="7.373"/>
</testsuite> <!-- org.xyz.automation.proj.TheTestingWorld -->
