<?xml version="1.0" encoding="UTF-8"?>
<!-- Generated by org.testng.reporters.JUnitReportReporter -->
<testsuite hostname="DESKTOP-DJ4FDME" failures="0" tests="3" name="org.wipro.automation.saucedemo.testcases.LoginScenario_DDF" time="17.651" errors="0" timestamp="2025-05-31T21:17:13 IST" skipped="0">
  <testcase classname="org.wipro.automation.saucedemo.testcases.LoginScenario_DDF" name="tc01_validate_valid_login_func" time="7.954"/>
  <testcase classname="org.wipro.automation.saucedemo.testcases.LoginScenario_DDF" name="tc01_validate_valid_login_func" time="4.924"/>
  <testcase classname="org.wipro.automation.saucedemo.testcases.LoginScenario_DDF" name="tc01_validate_valid_login_func" time="4.773"/>
</testsuite> <!-- org.wipro.automation.saucedemo.testcases.LoginScenario_DDF -->
