<?xml version="1.0" encoding="UTF-8"?>
<!-- Generated by org.testng.reporters.JUnitReportReporter -->
<testsuite hostname="DESKTOP-DJ4FDME" failures="0" tests="4" name="org.xyz.automation.proj.HandleKBMouseALerts" time="69.728" errors="0" timestamp="2025-05-27T21:26:01 IST" skipped="2">
  <testcase classname="org.xyz.automation.proj.HandleKBMouseALerts" name="handleAlerts" time="6.288"/>
  <testcase classname="org.xyz.automation.proj.HandleKBMouseALerts" name="handleFrames" time="63.440"/>
  <testcase classname="org.xyz.automation.proj.HandleKBMouseALerts" name="handleMouse">
    <skipped/>
  </testcase> <!-- handleMouse -->
  <testcase classname="org.xyz.automation.proj.HandleKBMouseALerts" name="handleKeyboard">
    <skipped/>
  </testcase> <!-- handleKeyboard -->
</testsuite> <!-- org.xyz.automation.proj.HandleKBMouseALerts -->
