<?xml version="1.0" encoding="UTF-8"?>
<!-- Generated by org.testng.reporters.JUnitReportReporter -->
<testsuite hostname="DESKTOP-DJ4FDME" failures="0" tests="1" name="org.wipro.automation.saucedemo.baseClass.InitaiteBrowser" time="5.097" errors="0" timestamp="2025-05-29T20:46:06 IST" skipped="0">
  <testcase classname="org.wipro.automation.saucedemo.baseClass.InitaiteBrowser" name="launchBrowser" time="5.097"/>
</testsuite> <!-- org.wipro.automation.saucedemo.baseClass.InitaiteBrowser -->
