<?xml version="1.0" encoding="UTF-8"?>
<!-- Generated by org.testng.reporters.JUnitReportReporter -->
<testsuite hostname="DESKTOP-DJ4FDME" failures="0" tests="3" name="org.xyz.automation.proj.FacebookPage" time="9.873" errors="0" timestamp="2025-05-28T20:47:30 IST" skipped="2">
  <testcase classname="org.xyz.automation.proj.FacebookPage" name="signup_func" time="9.873"/>
  <testcase classname="org.xyz.automation.proj.FacebookPage" name="login_func">
    <skipped/>
  </testcase> <!-- login_func -->
  <testcase classname="org.xyz.automation.proj.FacebookPage" name="managebrowser">
    <skipped/>
  </testcase> <!-- managebrowser -->
</testsuite> <!-- org.xyz.automation.proj.FacebookPage -->
