<?xml version="1.0" encoding="UTF-8"?>
<!-- Generated by org.testng.reporters.JUnitReportReporter -->
<testsuite hostname="DESKTOP-DJ4FDME" failures="0" tests="1" name="org.wipro.automation.saucedemo.testcases.LoginScenario" time="5.162" errors="0" timestamp="2025-05-29T20:59:21 IST" skipped="0">
  <testcase classname="org.wipro.automation.saucedemo.testcases.LoginScenario" name="tc01_validate_valid_login_func" time="5.162"/>
</testsuite> <!-- org.wipro.automation.saucedemo.testcases.LoginScenario -->
